{
  "RSpec": {
    "coverage": {
      "/Users/benfox/turing/2module/projects/adopt_dont_shop/config/environment.rb": [
        null,
        1,
        null,
        null,
        1
      ],
      "/Users/benfox/turing/2module/projects/adopt_dont_shop/config/application.rb": [
        1,
        null,
        1,
        null,
        1,
        1,
        1,
        1,
        1,
        1,
        1,
        1,
        null,
        null,
        null,
        null,
        1,
        null,
        1,
        1,
        null,
        1,
        null,
        null,
        null,
        null,
        null,
        null,
        1,
        null,
        null
      ],
      "/Users/benfox/turing/2module/projects/adopt_dont_shop/config/boot.rb": [
        1,
        null,
        1
      ],
      "/Users/benfox/turing/2module/projects/adopt_dont_shop/config/environments/test.rb": [
        1,
        null,
        null,
        null,
        null,
        null,
        null,
        1,
        null,
        null,
        null,
        null,
        1,
        null,
        null,
        1,
        1,
        null,
        null,
        null,
        null,
        1,
        1,
        null,
        null,
        1,
        null,
        null,
        1,
        1,
        null,
        null,
        null,
        null,
        1,
        null,
        null,
        1,
        null,
        null,
        null,
        null
      ],
      "/Users/benfox/turing/2module/projects/adopt_dont_shop/config/initializers/application_controller_renderer.rb": [
        null,
        null,
        null,
        null,
        null,
        null,
        null,
        null
      ],
      "/Users/benfox/turing/2module/projects/adopt_dont_shop/config/initializers/assets.rb": [
        null,
        null,
        null,
        1,
        null,
        null,
        null,
        null,
        1,
        null,
        null,
        null,
        null,
        null
      ],
      "/Users/benfox/turing/2module/projects/adopt_dont_shop/config/initializers/backtrace_silencers.rb": [
        null,
        null,
        null,
        null,
        null,
        null,
        null
      ],
      "/Users/benfox/turing/2module/projects/adopt_dont_shop/config/initializers/cookies_serializer.rb": [
        null,
        null,
        null,
        null,
        1
      ],
      "/Users/benfox/turing/2module/projects/adopt_dont_shop/config/initializers/filter_parameter_logging.rb": [
        null,
        null,
        null,
        1
      ],
      "/Users/benfox/turing/2module/projects/adopt_dont_shop/config/initializers/inflections.rb": [
        null,
        null,
        null,
        null,
        null,
        null,
        null,
        null,
        null,
        null,
        null,
        null,
        null,
        null,
        null,
        null
      ],
      "/Users/benfox/turing/2module/projects/adopt_dont_shop/config/initializers/mime_types.rb": [
        null,
        null,
        null,
        null
      ],
      "/Users/benfox/turing/2module/projects/adopt_dont_shop/config/initializers/wrap_parameters.rb": [
        null,
        null,
        null,
        null,
        null,
        null,
        1,
        2,
        null,
        null,
        null,
        null,
        null,
        null
      ],
      "/Users/benfox/turing/2module/projects/adopt_dont_shop/config/routes.rb": [
        1,
        null,
        null,
        1,
        1,
        1,
        1,
        1,
        1,
        1,
        1,
        null,
        1,
        1,
        1,
        1,
        1,
        null,
        1,
        1,
        1,
        1,
        null
      ],
      "/Users/benfox/turing/2module/projects/adopt_dont_shop/app/helpers/application_helper.rb": [
        1,
        null
      ],
      "/Users/benfox/turing/2module/projects/adopt_dont_shop/spec/features/pets/user_can_delete_pets_from_pet_index_pages_spec.rb": [
        1,
        null,
        1,
        1,
        1,
        1,
        null,
        null,
        null,
        null,
        null,
        1,
        null,
        null,
        null,
        null,
        null,
        null,
        1,
        null,
        1,
        1,
        null,
        1,
        null,
        1,
        1,
        null,
        null,
        1,
        1,
        1,
        1,
        1,
        null,
        1,
        null,
        null,
        null,
        null,
        null,
        null,
        1,
        null,
        1,
        1,
        null,
        1,
        null,
        1,
        1,
        null,
        null,
        1,
        null,
        null
      ],
      "/Users/benfox/turing/2module/projects/adopt_dont_shop/spec/features/pets/user_can_go_to_pet_show_page_from_anywhere_spec.rb": [
        1,
        null,
        1,
        1,
        1,
        1,
        null,
        null,
        null,
        null,
        null,
        1,
        null,
        null,
        null,
        null,
        null,
        null,
        1,
        1,
        1,
        null,
        1,
        1,
        1,
        null,
        null
      ],
      "/Users/benfox/turing/2module/projects/adopt_dont_shop/spec/features/pets/user_can_see_all_pets_info_spec.rb": [
        1,
        null,
        1,
        1,
        1,
        1,
        null,
        null,
        null,
        null,
        null,
        1,
        null,
        null,
        null,
        null,
        null,
        null,
        1,
        null,
        1,
        1,
        1,
        1,
        1,
        null,
        1,
        1,
        1,
        1,
        1,
        null,
        null
      ],
      "/Users/benfox/turing/2module/projects/adopt_dont_shop/spec/features/pets/user_can_see_individual_pet_info_spec.rb": [
        1,
        null,
        1,
        1,
        1,
        1,
        null,
        null,
        null,
        null,
        null,
        null,
        1,
        null,
        1,
        1,
        1,
        1,
        1,
        1,
        null,
        null
      ],
      "/Users/benfox/turing/2module/projects/adopt_dont_shop/spec/features/pets/user_can_update_pet_info_spec.rb": [
        1,
        null,
        1,
        1,
        1,
        1,
        null,
        null,
        null,
        null,
        null,
        null,
        1,
        1,
        null,
        1,
        null,
        1,
        1,
        1,
        1,
        1,
        1,
        null,
        1,
        1,
        1,
        1,
        1,
        1,
        null,
        1,
        1,
        1,
        1,
        1,
        null,
        null
      ],
      "/Users/benfox/turing/2module/projects/adopt_dont_shop/spec/features/pets/user_can_update_pets_from_pet_index_spec.rb": [
        1,
        null,
        1,
        1,
        1,
        1,
        null,
        null,
        null,
        null,
        null,
        1,
        null,
        null,
        null,
        null,
        null,
        null,
        1,
        null,
        1,
        1,
        null,
        1,
        null,
        1,
        1,
        null,
        null,
        1,
        null,
        1,
        null,
        1,
        1,
        null,
        1,
        1,
        null,
        null,
        1,
        null,
        null
      ],
      "/Users/benfox/turing/2module/projects/adopt_dont_shop/spec/features/pets/user_can_visit_pets_index_from_any_page_spec.rb": [
        1,
        null,
        1,
        1,
        1,
        1,
        null,
        null,
        null,
        null,
        null,
        1,
        null,
        null,
        null,
        null,
        null,
        null,
        1,
        1,
        1,
        null,
        1,
        1,
        1,
        null,
        1,
        1,
        1,
        null,
        1,
        1,
        1,
        null,
        1,
        1,
        1,
        null,
        null
      ],
      "/Users/benfox/turing/2module/projects/adopt_dont_shop/spec/features/shelters/user_can_add_shelter_spec.rb": [
        1,
        null,
        1,
        1,
        1,
        1,
        null,
        1,
        null,
        1,
        1,
        1,
        1,
        1,
        1,
        null,
        1,
        1,
        1,
        1,
        1,
        1,
        null,
        null
      ],
      "/Users/benfox/turing/2module/projects/adopt_dont_shop/spec/features/shelters/user_can_delete_shelter_spec.rb": [
        1,
        null,
        1,
        1,
        1,
        null,
        1,
        1,
        null,
        1,
        1,
        1,
        1,
        1,
        1,
        null,
        null
      ],
      "/Users/benfox/turing/2module/projects/adopt_dont_shop/spec/features/shelters/user_can_delete_shelters_from_shelter_index_spec.rb": [
        1,
        null,
        1,
        1,
        1,
        1,
        null,
        null,
        null,
        null,
        null,
        1,
        null,
        1,
        1,
        null,
        1,
        null,
        1,
        1,
        null,
        null,
        1,
        1,
        1,
        1,
        1,
        1,
        null,
        null
      ],
      "/Users/benfox/turing/2module/projects/adopt_dont_shop/spec/features/shelters/user_can_go_to_shelter_show_from_anywhere_spec.rb": [
        1,
        null,
        1,
        1,
        1,
        1,
        null,
        null,
        null,
        null,
        null,
        1,
        null,
        null,
        null,
        null,
        null,
        null,
        1,
        1,
        1,
        null,
        1,
        1,
        1,
        1,
        null,
        1,
        null,
        1,
        1,
        1,
        null,
        1,
        null,
        1,
        1,
        1,
        null,
        null
      ],
      "/Users/benfox/turing/2module/projects/adopt_dont_shop/spec/features/shelters/user_can_see_all_shelters_names_spec.rb": [
        1,
        null,
        1,
        1,
        1,
        null,
        null,
        null,
        null,
        1,
        null,
        null,
        null,
        null,
        null,
        1,
        null,
        1,
        1,
        null,
        null
      ],
      "/Users/benfox/turing/2module/projects/adopt_dont_shop/spec/features/shelters/user_can_see_individual_shelter_info_spec.rb": [
        1,
        null,
        1,
        1,
        1,
        null,
        null,
        null,
        null,
        null,
        1,
        null,
        1,
        1,
        1,
        1,
        1,
        null,
        null
      ],
      "/Users/benfox/turing/2module/projects/adopt_dont_shop/spec/features/shelters/user_can_update_shelter_info_spec.rb": [
        1,
        null,
        1,
        1,
        1,
        null,
        null,
        null,
        null,
        null,
        1,
        1,
        null,
        1,
        null,
        1,
        1,
        1,
        1,
        1,
        1,
        null,
        1,
        1,
        1,
        1,
        1,
        1,
        null,
        1,
        1,
        1,
        1,
        1,
        null,
        null
      ],
      "/Users/benfox/turing/2module/projects/adopt_dont_shop/spec/features/shelters/user_can_update_shelters_from_shelter_index_spec.rb": [
        1,
        null,
        1,
        1,
        1,
        null,
        null,
        null,
        null,
        1,
        null,
        null,
        null,
        null,
        null,
        1,
        null,
        1,
        1,
        null,
        1,
        null,
        1,
        1,
        null,
        null,
        1,
        null,
        null
      ],
      "/Users/benfox/turing/2module/projects/adopt_dont_shop/spec/features/shelters/user_can_visit_shelters_index_from_any_page_spec.rb": [
        1,
        null,
        1,
        1,
        1,
        1,
        null,
        null,
        null,
        null,
        null,
        1,
        null,
        null,
        null,
        null,
        null,
        null,
        1,
        1,
        1,
        null,
        1,
        1,
        1,
        null,
        1,
        1,
        1,
        null,
        1,
        1,
        1,
        null,
        1,
        1,
        1,
        null,
        null
      ],
      "/Users/benfox/turing/2module/projects/adopt_dont_shop/spec/features/shelters_pets/user_can_add_pet_spec.rb": [
        1,
        null,
        1,
        1,
        1,
        null,
        null,
        null,
        null,
        null,
        1,
        1,
        null,
        1,
        null,
        1,
        1,
        1,
        1,
        1,
        1,
        null,
        1,
        1,
        1,
        1,
        1,
        1,
        null,
        null
      ],
      "/Users/benfox/turing/2module/projects/adopt_dont_shop/spec/features/shelters_pets/user_can_see_a_shelters_available_pets_spec.rb": [
        1,
        null,
        1,
        1,
        1,
        1,
        null,
        null,
        null,
        null,
        null,
        null,
        1,
        null,
        1,
        1,
        1,
        1,
        null,
        null
      ],
      "/Users/benfox/turing/2module/projects/adopt_dont_shop/spec/features/shelters_pets/user_can_visit_shelters_pets_index_from_shelter_show_page_spec.rb": [
        1,
        null,
        1,
        1,
        1,
        1,
        null,
        null,
        null,
        null,
        null,
        1,
        null,
        null,
        null,
        null,
        null,
        null,
        1,
        1,
        1,
        null,
        null
      ],
      "/Users/benfox/turing/2module/projects/adopt_dont_shop/spec/models/pet_spec.rb": [
        1,
        null,
        1,
        1,
        2,
        2,
        2,
        2,
        2,
        2,
        null,
        null,
        1,
        2,
        null,
        null,
        1,
        1,
        1,
        1,
        null,
        null,
        null,
        null,
        null,
        1,
        null,
        null,
        null,
        null,
        null,
        null,
        1,
        null,
        null,
        null
      ],
      "/Users/benfox/turing/2module/projects/adopt_dont_shop/app/models/pet.rb": [
        1,
        1,
        1,
        1,
        1,
        1,
        1,
        null,
        1,
        null,
        1,
        12,
        null,
        null
      ],
      "/Users/benfox/turing/2module/projects/adopt_dont_shop/app/models/application_record.rb": [
        1,
        1,
        null
      ],
      "/Users/benfox/turing/2module/projects/adopt_dont_shop/spec/models/shelter_spec.rb": [
        1,
        null,
        1,
        1,
        2,
        2,
        2,
        2,
        2,
        null,
        null,
        1,
        2,
        null,
        null
      ],
      "/Users/benfox/turing/2module/projects/adopt_dont_shop/app/models/shelter.rb": [
        1,
        1,
        1,
        1,
        1,
        1,
        null,
        1,
        null
      ],
      "/Users/benfox/turing/2module/projects/adopt_dont_shop/app/controllers/pets_controller.rb": [
        1,
        1,
        13,
        null,
        null,
        1,
        9,
        null,
        null,
        1,
        3,
        null,
        null,
        1,
        1,
        1,
        null,
        null,
        null,
        null,
        null,
        null,
        null,
        1,
        null,
        null,
        1,
        2,
        2,
        null,
        null
      ],
      "/Users/benfox/turing/2module/projects/adopt_dont_shop/app/controllers/application_controller.rb": [
        1,
        1,
        null
      ],
      "/Users/benfox/turing/2module/projects/adopt_dont_shop/app/controllers/shelters_pets_controller.rb": [
        1,
        1,
        11,
        null,
        11,
        17,
        null,
        null,
        11,
        null,
        null,
        1,
        1,
        null,
        null,
        1,
        1,
        null,
        1,
        1,
        1,
        null,
        null,
        1,
        1,
        1,
        1,
        null,
        null,
        1,
        1,
        1,
        null,
        null
      ],
      "/Users/benfox/turing/2module/projects/adopt_dont_shop/app/controllers/welcome_controller.rb": [
        1,
        1,
        null,
        null
      ],
      "/Users/benfox/turing/2module/projects/adopt_dont_shop/app/controllers/shelters_controller.rb": [
        1,
        1,
        14,
        null,
        null,
        1,
        null,
        null,
        1,
        1,
        1,
        null,
        null,
        1,
        11,
        null,
        null,
        1,
        2,
        null,
        null,
        1,
        1,
        1,
        null,
        null,
        null,
        null,
        null,
        null,
        null,
        1,
        null,
        null,
        1,
        2,
        2,
        null,
        null,
        1,
        1,
        1,
        null,
        null
      ]
    },
    "timestamp": 1580693596
  }
}
